# JRE version: Java(TM) SE Runtime Environment (11.0.6+8) (build 11.0.6+8-LTS)
# Java VM: Java HotSpot(TM) 64-Bit Server VM (11.0.6+8-LTS, mixed mode, tiered, compressed oops, g1 gc, windows-amd64)
Heap:
 garbage-first heap   total 231424K, used 159982K [0x00000006e0000000, 0x0000000800000000)
  region size 1024K, 10 young (10240K), 5 survivors (5120K)
 Metaspace       used 94248K, capacity 96860K, committed 97152K, reserved 1134592K
  class space    used 11414K, capacity 12353K, committed 12416K, reserved 1048576K
GC Heap History (10 events):
Event: 259.603 GC heap before
{Heap before GC invocations=137 (full 0):
 garbage-first heap   total 192512K, used 147534K [0x00000006e0000000, 0x0000000800000000)
  region size 1024K, 21 young (21504K), 3 survivors (3072K)
 Metaspace       used 93527K, capacity 96103K, committed 96384K, reserved 1132544K
  class space    used 11404K, capacity 12342K, committed 12416K, reserved 1048576K
}
Event: 259.612 GC heap after
{Heap after GC invocations=138 (full 0):
 garbage-first heap   total 192512K, used 130472K [0x00000006e0000000, 0x0000000800000000)
  region size 1024K, 3 young (3072K), 3 survivors (3072K)
 Metaspace       used 93527K, capacity 96103K, committed 96384K, reserved 1132544K
  class space    used 11404K, capacity 12342K, committed 12416K, reserved 1048576K
}
Event: 261.398 GC heap before
{Heap before GC invocations=138 (full 0):
 garbage-first heap   total 192512K, used 153000K [0x00000006e0000000, 0x0000000800000000)
  region size 1024K, 23 young (23552K), 3 survivors (3072K)
 Metaspace       used 93587K, capacity 96170K, committed 96384K, reserved 1132544K
  class space    used 11404K, capacity 12342K, committed 12416K, reserved 1048576K
}
Event: 261.418 GC heap after
{Heap after GC invocations=139 (full 0):
 garbage-first heap   total 192512K, used 138642K [0x00000006e0000000, 0x0000000800000000)
  region size 1024K, 3 young (3072K), 3 survivors (3072K)
 Metaspace       used 93587K, capacity 96170K, committed 96384K, reserved 1132544K
  class space    used 11404K, capacity 12342K, committed 12416K, reserved 1048576K
}
Event: 263.367 GC heap before
{Heap before GC invocations=139 (full 0):
 garbage-first heap   total 192512K, used 156050K [0x00000006e0000000, 0x0000000800000000)
  region size 1024K, 20 young (20480K), 3 survivors (3072K)
 Metaspace       used 94012K, capacity 96644K, committed 96896K, reserved 1134592K
  class space    used 11409K, capacity 12347K, committed 12416K, reserved 1048576K
}
Event: 263.386 GC heap after
{Heap after GC invocations=140 (full 0):
 garbage-first heap   total 231424K, used 140890K [0x00000006e0000000, 0x0000000800000000)
  region size 1024K, 2 young (2048K), 2 survivors (2048K)
 Metaspace       used 94012K, capacity 96644K, committed 96896K, reserved 1134592K
  class space    used 11409K, capacity 12347K, committed 12416K, reserved 1048576K
}
Event: 267.927 GC heap before
{Heap before GC invocations=140 (full 0):
 garbage-first heap   total 231424K, used 170586K [0x00000006e0000000, 0x0000000800000000)
  region size 1024K, 32 young (32768K), 2 survivors (2048K)
 Metaspace       used 94088K, capacity 96775K, committed 96896K, reserved 1134592K
  class space    used 11411K, capacity 12347K, committed 12416K, reserved 1048576K
}
Event: 267.946 GC heap after
{Heap after GC invocations=141 (full 0):
 garbage-first heap   total 231424K, used 144820K [0x00000006e0000000, 0x0000000800000000)
  region size 1024K, 4 young (4096K), 4 survivors (4096K)
 Metaspace       used 94088K, capacity 96775K, committed 96896K, reserved 1134592K
  class space    used 11411K, capacity 12347K, committed 12416K, reserved 1048576K
}
Event: 282.576 GC heap before
{Heap before GC invocations=141 (full 0):
 garbage-first heap   total 231424K, used 176564K [0x00000006e0000000, 0x0000000800000000)
  region size 1024K, 34 young (34816K), 4 survivors (4096K)
 Metaspace       used 94124K, capacity 96793K, committed 96896K, reserved 1134592K
  class space    used 11414K, capacity 12353K, committed 12416K, reserved 1048576K
}
Event: 282.592 GC heap after
{Heap after GC invocations=142 (full 0):
 garbage-first heap   total 231424K, used 149006K [0x00000006e0000000, 0x0000000800000000)
  region size 1024K, 5 young (5120K), 5 survivors (5120K)
 Metaspace       used 94124K, capacity 96793K, committed 96896K, reserved 1134592K
  class space    used 11414K, capacity 12353K, committed 12416K, reserved 1048576K
}

