# JRE version: Java(TM) SE Runtime Environment (11.0.6+8) (build 11.0.6+8-LTS)
# Java VM: Java HotSpot(TM) 64-Bit Server VM (11.0.6+8-LTS, mixed mode, tiered, compressed oops, g1 gc, windows-amd64)
Heap:
 garbage-first heap   total 98304K, used 40108K [0x00000006e0000000, 0x0000000800000000)
  region size 1024K, 23 young (23552K), 3 survivors (3072K)
 Metaspace       used 31056K, capacity 31527K, committed 31744K, reserved 1077248K
  class space    used 3858K, capacity 4062K, committed 4096K, reserved 1048576K
GC Heap History (10 events):
Event: 4.311 GC heap before
{Heap before GC invocations=1 (full 0):
 garbage-first heap   total 98304K, used 14432K [0x00000006e0000000, 0x0000000800000000)
  region size 1024K, 9 young (9216K), 2 survivors (2048K)
 Metaspace       used 9987K, capacity 10158K, committed 10368K, reserved 1058816K
  class space    used 1035K, capacity 1086K, committed 1152K, reserved 1048576K
}
Event: 4.318 GC heap after
{Heap after GC invocations=2 (full 0):
 garbage-first heap   total 98304K, used 7737K [0x00000006e0000000, 0x0000000800000000)
  region size 1024K, 1 young (1024K), 1 survivors (1024K)
 Metaspace       used 9987K, capacity 10158K, committed 10368K, reserved 1058816K
  class space    used 1035K, capacity 1086K, committed 1152K, reserved 1048576K
}
Event: 25.597 GC heap before
{Heap before GC invocations=2 (full 0):
 garbage-first heap   total 98304K, used 31289K [0x00000006e0000000, 0x0000000800000000)
  region size 1024K, 24 young (24576K), 1 survivors (1024K)
 Metaspace       used 10680K, capacity 10884K, committed 11008K, reserved 1058816K
  class space    used 1106K, capacity 1157K, committed 1280K, reserved 1048576K
}
Event: 25.617 GC heap after
{Heap after GC invocations=3 (full 0):
 garbage-first heap   total 98304K, used 12056K [0x00000006e0000000, 0x0000000800000000)
  region size 1024K, 3 young (3072K), 3 survivors (3072K)
 Metaspace       used 10680K, capacity 10884K, committed 11008K, reserved 1058816K
  class space    used 1106K, capacity 1157K, committed 1280K, reserved 1048576K
}
Event: 30.349 GC heap before
{Heap before GC invocations=3 (full 0):
 garbage-first heap   total 98304K, used 49944K [0x00000006e0000000, 0x0000000800000000)
  region size 1024K, 40 young (40960K), 3 survivors (3072K)
 Metaspace       used 18657K, capacity 19098K, committed 19328K, reserved 1067008K
  class space    used 2247K, capacity 2389K, committed 2432K, reserved 1048576K
}
Event: 30.359 GC heap after
{Heap after GC invocations=4 (full 0):
 garbage-first heap   total 98304K, used 14701K [0x00000006e0000000, 0x0000000800000000)
  region size 1024K, 5 young (5120K), 5 survivors (5120K)
 Metaspace       used 18657K, capacity 19098K, committed 19328K, reserved 1067008K
  class space    used 2247K, capacity 2389K, committed 2432K, reserved 1048576K
}
Event: 33.050 GC heap before
{Heap before GC invocations=4 (full 0):
 garbage-first heap   total 98304K, used 32109K [0x00000006e0000000, 0x0000000800000000)
  region size 1024K, 23 young (23552K), 5 survivors (5120K)
 Metaspace       used 20734K, capacity 21130K, committed 21248K, reserved 1067008K
  class space    used 2606K, capacity 2751K, committed 2816K, reserved 1048576K
}
Event: 33.068 GC heap after
{Heap after GC invocations=5 (full 0):
 garbage-first heap   total 98304K, used 15678K [0x00000006e0000000, 0x0000000800000000)
  region size 1024K, 4 young (4096K), 4 survivors (4096K)
 Metaspace       used 20734K, capacity 21130K, committed 21248K, reserved 1067008K
  class space    used 2606K, capacity 2751K, committed 2816K, reserved 1048576K
}
Event: 37.821 GC heap before
{Heap before GC invocations=6 (full 0):
 garbage-first heap   total 98304K, used 50494K [0x00000006e0000000, 0x0000000800000000)
  region size 1024K, 39 young (39936K), 4 survivors (4096K)
 Metaspace       used 26863K, capacity 27338K, committed 27648K, reserved 1073152K
  class space    used 3343K, capacity 3497K, committed 3584K, reserved 1048576K
}
Event: 37.855 GC heap after
{Heap after GC invocations=7 (full 0):
 garbage-first heap   total 98304K, used 17580K [0x00000006e0000000, 0x0000000800000000)
  region size 1024K, 3 young (3072K), 3 survivors (3072K)
 Metaspace       used 26863K, capacity 27338K, committed 27648K, reserved 1073152K
  class space    used 3343K, capacity 3497K, committed 3584K, reserved 1048576K
}

