# JRE version: Java(TM) SE Runtime Environment (11.0.6+8) (build 11.0.6+8-LTS)
# Java VM: Java HotSpot(TM) 64-Bit Server VM (11.0.6+8-LTS, mixed mode, tiered, compressed oops, g1 gc, windows-amd64)
Heap:
 garbage-first heap   total 98304K, used 54272K [0x00000006e0000000, 0x0000000800000000)
  region size 1024K, 15 young (15360K), 5 survivors (5120K)
 Metaspace       used 54804K, capacity 56073K, committed 56396K, reserved 1097728K
  class space    used 6938K, capacity 7397K, committed 7500K, reserved 1048576K
GC Heap History (10 events):
Event: 32.010 GC heap before
{Heap before GC invocations=11 (full 0):
 garbage-first heap   total 98304K, used 59718K [0x00000006e0000000, 0x0000000800000000)
  region size 1024K, 38 young (38912K), 3 survivors (3072K)
 Metaspace       used 40783K, capacity 41559K, committed 41676K, reserved 1085440K
  class space    used 5214K, capacity 5531K, committed 5580K, reserved 1048576K
}
Event: 32.018 GC heap after
{Heap after GC invocations=12 (full 0):
 garbage-first heap   total 98304K, used 25435K [0x00000006e0000000, 0x0000000800000000)
  region size 1024K, 4 young (4096K), 4 survivors (4096K)
 Metaspace       used 40783K, capacity 41559K, committed 41676K, reserved 1085440K
  class space    used 5214K, capacity 5531K, committed 5580K, reserved 1048576K
}
Event: 34.832 GC heap before
{Heap before GC invocations=12 (full 0):
 garbage-first heap   total 98304K, used 67419K [0x00000006e0000000, 0x0000000800000000)
  region size 1024K, 41 young (41984K), 4 survivors (4096K)
 Metaspace       used 45086K, capacity 46103K, committed 46412K, reserved 1089536K
  class space    used 5759K, capacity 6144K, committed 6220K, reserved 1048576K
}
Event: 34.847 GC heap after
{Heap after GC invocations=13 (full 0):
 garbage-first heap   total 98304K, used 35972K [0x00000006e0000000, 0x0000000800000000)
  region size 1024K, 6 young (6144K), 6 survivors (6144K)
 Metaspace       used 45086K, capacity 46103K, committed 46412K, reserved 1089536K
  class space    used 5759K, capacity 6144K, committed 6220K, reserved 1048576K
}
Event: 37.486 GC heap before
{Heap before GC invocations=13 (full 0):
 garbage-first heap   total 98304K, used 68740K [0x00000006e0000000, 0x0000000800000000)
  region size 1024K, 38 young (38912K), 6 survivors (6144K)
 Metaspace       used 50151K, capacity 51262K, committed 51404K, reserved 1093632K
  class space    used 6362K, capacity 6756K, committed 6860K, reserved 1048576K
}
Event: 37.501 GC heap after
{Heap after GC invocations=14 (full 0):
 garbage-first heap   total 98304K, used 40159K [0x00000006e0000000, 0x0000000800000000)
  region size 1024K, 4 young (4096K), 4 survivors (4096K)
 Metaspace       used 50151K, capacity 51262K, committed 51404K, reserved 1093632K
  class space    used 6362K, capacity 6756K, committed 6860K, reserved 1048576K
}
Event: 39.249 GC heap before
{Heap before GC invocations=14 (full 0):
 garbage-first heap   total 98304K, used 70879K [0x00000006e0000000, 0x0000000800000000)
  region size 1024K, 34 young (34816K), 4 survivors (4096K)
 Metaspace       used 53090K, capacity 54203K, committed 54476K, reserved 1097728K
  class space    used 6684K, capacity 7087K, committed 7116K, reserved 1048576K
}
Event: 39.259 GC heap after
{Heap after GC invocations=15 (full 0):
 garbage-first heap   total 98304K, used 41057K [0x00000006e0000000, 0x0000000800000000)
  region size 1024K, 2 young (2048K), 2 survivors (2048K)
 Metaspace       used 53090K, capacity 54203K, committed 54476K, reserved 1097728K
  class space    used 6684K, capacity 7087K, committed 7116K, reserved 1048576K
}
Event: 41.212 GC heap before
{Heap before GC invocations=15 (full 0):
 garbage-first heap   total 98304K, used 72801K [0x00000006e0000000, 0x0000000800000000)
  region size 1024K, 33 young (33792K), 2 survivors (2048K)
 Metaspace       used 54467K, capacity 55689K, committed 55756K, reserved 1097728K
  class space    used 6880K, capacity 7354K, committed 7372K, reserved 1048576K
}
Event: 41.223 GC heap after
{Heap after GC invocations=16 (full 0):
 garbage-first heap   total 98304K, used 45056K [0x00000006e0000000, 0x0000000800000000)
  region size 1024K, 5 young (5120K), 5 survivors (5120K)
 Metaspace       used 54467K, capacity 55689K, committed 55756K, reserved 1097728K
  class space    used 6880K, capacity 7354K, committed 7372K, reserved 1048576K
}

