# JRE version: Java(TM) SE Runtime Environment (11.0.6+8) (build 11.0.6+8-LTS)
# Java VM: Java HotSpot(TM) 64-Bit Server VM (11.0.6+8-LTS, mixed mode, tiered, compressed oops, g1 gc, windows-amd64)
Heap:
 garbage-first heap   total 266240K, used 140173K [0x00000006e0000000, 0x0000000800000000)
  region size 1024K, 9 young (9216K), 7 survivors (7168K)
 Metaspace       used 95408K, capacity 98401K, committed 98636K, reserved 1134592K
  class space    used 11564K, capacity 12561K, committed 12620K, reserved 1048576K
GC Heap History (10 events):
Event: 202.456 GC heap before
{Heap before GC invocations=104 (full 2):
 garbage-first heap   total 184320K, used 141158K [0x00000006e0000000, 0x0000000800000000)
  region size 1024K, 21 young (21504K), 1 survivors (1024K)
 Metaspace       used 94702K, capacity 97647K, committed 97868K, reserved 1134592K
  class space    used 11554K, capacity 12550K, committed 12620K, reserved 1048576K
}
Event: 202.473 GC heap after
{Heap after GC invocations=105 (full 2):
 garbage-first heap   total 221184K, used 125786K [0x00000006e0000000, 0x0000000800000000)
  region size 1024K, 3 young (3072K), 3 survivors (3072K)
 Metaspace       used 94702K, capacity 97647K, committed 97868K, reserved 1134592K
  class space    used 11554K, capacity 12550K, committed 12620K, reserved 1048576K
}
Event: 203.173 GC heap before
{Heap before GC invocations=105 (full 2):
 garbage-first heap   total 221184K, used 132954K [0x00000006e0000000, 0x0000000800000000)
  region size 1024K, 10 young (10240K), 3 survivors (3072K)
 Metaspace       used 94706K, capacity 97711K, committed 97868K, reserved 1134592K
  class space    used 11554K, capacity 12550K, committed 12620K, reserved 1048576K
}
Event: 203.184 GC heap after
{Heap after GC invocations=106 (full 2):
 garbage-first heap   total 221184K, used 126878K [0x00000006e0000000, 0x0000000800000000)
  region size 1024K, 2 young (2048K), 2 survivors (2048K)
 Metaspace       used 94706K, capacity 97711K, committed 97868K, reserved 1134592K
  class space    used 11554K, capacity 12550K, committed 12620K, reserved 1048576K
}
Event: 205.286 GC heap before
{Heap before GC invocations=106 (full 2):
 garbage-first heap   total 221184K, used 159646K [0x00000006e0000000, 0x0000000800000000)
  region size 1024K, 34 young (34816K), 2 survivors (2048K)
 Metaspace       used 95219K, capacity 98188K, committed 98380K, reserved 1134592K
  class space    used 11559K, capacity 12555K, committed 12620K, reserved 1048576K
}
Event: 205.303 GC heap after
{Heap after GC invocations=107 (full 2):
 garbage-first heap   total 221184K, used 130875K [0x00000006e0000000, 0x0000000800000000)
  region size 1024K, 5 young (5120K), 5 survivors (5120K)
 Metaspace       used 95219K, capacity 98188K, committed 98380K, reserved 1134592K
  class space    used 11559K, capacity 12555K, committed 12620K, reserved 1048576K
}
Event: 211.806 GC heap before
{Heap before GC invocations=108 (full 2):
 garbage-first heap   total 221184K, used 163643K [0x00000006e0000000, 0x0000000800000000)
  region size 1024K, 38 young (38912K), 5 survivors (5120K)
 Metaspace       used 95255K, capacity 98252K, committed 98380K, reserved 1134592K
  class space    used 11561K, capacity 12555K, committed 12620K, reserved 1048576K
}
Event: 211.831 GC heap after
{Heap after GC invocations=109 (full 2):
 garbage-first heap   total 221184K, used 135298K [0x00000006e0000000, 0x0000000800000000)
  region size 1024K, 5 young (5120K), 5 survivors (5120K)
 Metaspace       used 95255K, capacity 98252K, committed 98380K, reserved 1134592K
  class space    used 11561K, capacity 12555K, committed 12620K, reserved 1048576K
}
Event: 216.602 GC heap before
{Heap before GC invocations=109 (full 2):
 garbage-first heap   total 221184K, used 140418K [0x00000006e0000000, 0x0000000800000000)
  region size 1024K, 10 young (10240K), 5 survivors (5120K)
 Metaspace       used 95279K, capacity 98270K, committed 98380K, reserved 1134592K
  class space    used 11564K, capacity 12561K, committed 12620K, reserved 1048576K
}
Event: 216.620 GC heap after
{Heap after GC invocations=110 (full 2):
 garbage-first heap   total 266240K, used 128076K [0x00000006e0000000, 0x0000000800000000)
  region size 1024K, 1 young (1024K), 1 survivors (1024K)
 Metaspace       used 95279K, capacity 98270K, committed 98380K, reserved 1134592K
  class space    used 11564K, capacity 12561K, committed 12620K, reserved 1048576K
}

