# JRE version: Java(TM) SE Runtime Environment (11.0.6+8) (build 11.0.6+8-LTS)
# Java VM: Java HotSpot(TM) 64-Bit Server VM (11.0.6+8-LTS, mixed mode, tiered, compressed oops, g1 gc, windows-amd64)
Heap:
 garbage-first heap   total 719872K, used 255305K [0x00000006e0000000, 0x0000000800000000)
  region size 1024K, 4 young (4096K), 4 survivors (4096K)
 Metaspace       used 119507K, capacity 123297K, committed 123904K, reserved 1157120K
  class space    used 14059K, capacity 15388K, committed 15616K, reserved 1048576K
GC Heap History (10 events):
Event: 4416.646 GC heap after
{Heap after GC invocations=246 (full 4):
 garbage-first heap   total 466944K, used 223385K [0x00000006e0000000, 0x0000000800000000)
  region size 1024K, 3 young (3072K), 3 survivors (3072K)
 Metaspace       used 119391K, capacity 123218K, committed 123904K, reserved 1157120K
  class space    used 14056K, capacity 15385K, committed 15616K, reserved 1048576K
}
Event: 4418.371 GC heap before
{Heap before GC invocations=247 (full 4):
 garbage-first heap   total 466944K, used 260249K [0x00000006e0000000, 0x0000000800000000)
  region size 1024K, 30 young (30720K), 3 survivors (3072K)
 Metaspace       used 119485K, capacity 123296K, committed 123904K, reserved 1157120K
  class space    used 14059K, capacity 15388K, committed 15616K, reserved 1048576K
}
Event: 4418.386 GC heap after
{Heap after GC invocations=248 (full 4):
 garbage-first heap   total 466944K, used 227129K [0x00000006e0000000, 0x0000000800000000)
  region size 1024K, 4 young (4096K), 4 survivors (4096K)
 Metaspace       used 119485K, capacity 123296K, committed 123904K, reserved 1157120K
  class space    used 14059K, capacity 15388K, committed 15616K, reserved 1048576K
}
Event: 4418.485 GC heap before
{Heap before GC invocations=248 (full 4):
 garbage-first heap   total 466944K, used 245561K [0x00000006e0000000, 0x0000000800000000)
  region size 1024K, 22 young (22528K), 4 survivors (4096K)
 Metaspace       used 119486K, capacity 123296K, committed 123904K, reserved 1157120K
  class space    used 14059K, capacity 15388K, committed 15616K, reserved 1048576K
}
Event: 4418.526 GC heap after
{Heap after GC invocations=249 (full 4):
 garbage-first heap   total 466944K, used 222025K [0x00000006e0000000, 0x0000000800000000)
  region size 1024K, 3 young (3072K), 3 survivors (3072K)
 Metaspace       used 119486K, capacity 123296K, committed 123904K, reserved 1157120K
  class space    used 14059K, capacity 15388K, committed 15616K, reserved 1048576K
}
Event: 4418.567 GC heap before
{Heap before GC invocations=249 (full 4):
 garbage-first heap   total 466944K, used 231241K [0x00000006e0000000, 0x0000000800000000)
  region size 1024K, 13 young (13312K), 3 survivors (3072K)
 Metaspace       used 119486K, capacity 123296K, committed 123904K, reserved 1157120K
  class space    used 14059K, capacity 15388K, committed 15616K, reserved 1048576K
}
Event: 4418.593 GC heap after
{Heap after GC invocations=250 (full 4):
 garbage-first heap   total 466944K, used 227116K [0x00000006e0000000, 0x0000000800000000)
  region size 1024K, 8 young (8192K), 8 survivors (8192K)
 Metaspace       used 119486K, capacity 123296K, committed 123904K, reserved 1157120K
  class space    used 14059K, capacity 15388K, committed 15616K, reserved 1048576K
}
Event: 4418.894 GC heap before
{Heap before GC invocations=250 (full 4):
 garbage-first heap   total 466944K, used 247596K [0x00000006e0000000, 0x0000000800000000)
  region size 1024K, 27 young (27648K), 8 survivors (8192K)
 Metaspace       used 119504K, capacity 123297K, committed 123904K, reserved 1157120K
  class space    used 14059K, capacity 15388K, committed 15616K, reserved 1048576K
}
Event: 4418.982 GC heap after
{Heap after GC invocations=251 (full 4):
 garbage-first heap   total 466944K, used 239662K [0x00000006e0000000, 0x0000000800000000)
  region size 1024K, 4 young (4096K), 4 survivors (4096K)
 Metaspace       used 119504K, capacity 123297K, committed 123904K, reserved 1157120K
  class space    used 14059K, capacity 15388K, committed 15616K, reserved 1048576K
}
Event: 4419.243 GC heap before
{Heap before GC invocations=251 (full 4):
 garbage-first heap   total 466944K, used 261166K [0x00000006e0000000, 0x0000000800000000)
  region size 1024K, 26 young (26624K), 4 survivors (4096K)
 Metaspace       used 119507K, capacity 123297K, committed 123904K, reserved 1157120K
  class space    used 14059K, capacity 15388K, committed 15616K, reserved 1048576K
}

